[debug] [2025-02-19T14:28:30.855Z] ----------------------------------------------------------------------
[debug] [2025-02-19T14:28:30.859Z] Command:       C:\Program Files\nodejs\node.exe C:\Users\selam\AppData\Roaming\npm\node_modules\firebase-tools\lib\bin\firebase.js emulators:start --only functions
[debug] [2025-02-19T14:28:30.859Z] CLI Version:   13.30.0
[debug] [2025-02-19T14:28:30.860Z] Platform:      win32
[debug] [2025-02-19T14:28:30.860Z] Node Version:  v20.16.0
[debug] [2025-02-19T14:28:30.860Z] Time:          Wed Feb 19 2025 17:28:30 GMT+0300 (East Africa Time)
[debug] [2025-02-19T14:28:30.860Z] ----------------------------------------------------------------------
[debug] 
[debug] [2025-02-19T14:28:31.622Z] > command requires scopes: ["email","openid","https://www.googleapis.com/auth/cloudplatformprojects.readonly","https://www.googleapis.com/auth/firebase","https://www.googleapis.com/auth/cloud-platform"]
[debug] [2025-02-19T14:28:31.623Z] > authorizing via signed-in user (solhadush.27@gmail.com)
[info] i  emulators: Starting emulators: functions {"metadata":{"emulator":{"name":"hub"},"message":"Starting emulators: functions"}}
[debug] [2025-02-19T14:28:31.640Z] [logging] Logging Emulator only supports listening on one address (127.0.0.1). Not listening on ::1
[debug] [2025-02-19T14:28:31.641Z] assigned listening specs for emulators {"user":{"hub":[{"address":"127.0.0.1","family":"IPv4","port":4400},{"address":"::1","family":"IPv6","port":4400}],"ui":[{"address":"127.0.0.1","family":"IPv4","port":4000},{"address":"::1","family":"IPv6","port":4000}],"logging":[{"address":"127.0.0.1","family":"IPv4","port":4500}]},"metadata":{"message":"assigned listening specs for emulators"}}
[debug] [2025-02-19T14:28:31.652Z] [hub] writing locator at C:\Users\selam\AppData\Local\Temp\hub-clone-32c9b.json
[debug] [2025-02-19T14:28:31.746Z] [functions] Functions Emulator only supports listening on one address (127.0.0.1). Not listening on ::1
[debug] [2025-02-19T14:28:31.747Z] [eventarc] Eventarc Emulator only supports listening on one address (127.0.0.1). Not listening on ::1
[debug] [2025-02-19T14:28:31.747Z] [tasks] Cloud Tasks Emulator only supports listening on one address (127.0.0.1). Not listening on ::1
[debug] [2025-02-19T14:28:31.747Z] late-assigned ports for functions and eventarc emulators {"user":{"hub":[{"address":"127.0.0.1","family":"IPv4","port":4400},{"address":"::1","family":"IPv6","port":4400}],"ui":[{"address":"127.0.0.1","family":"IPv4","port":4000},{"address":"::1","family":"IPv6","port":4000}],"logging":[{"address":"127.0.0.1","family":"IPv4","port":4500}],"functions":[{"address":"127.0.0.1","family":"IPv4","port":5001}],"eventarc":[{"address":"127.0.0.1","family":"IPv4","port":9299}],"tasks":[{"address":"127.0.0.1","family":"IPv4","port":9499}]},"metadata":{"message":"late-assigned ports for functions and eventarc emulators"}}
[warn] !  functions: The following emulators are not running, calls to these services from the Functions emulator will affect production: apphosting, auth, firestore, database, hosting, pubsub, storage, dataconnect {"metadata":{"emulator":{"name":"functions"},"message":"The following emulators are not running, calls to these services from the Functions emulator will affect production: \u001b[1mapphosting, auth, firestore, database, hosting, pubsub, storage, dataconnect\u001b[22m"}}
[debug] [2025-02-19T14:28:31.757Z] defaultcredentials: writing to file C:\Users\selam\AppData\Roaming\firebase\solhadush_27_gmail.com_application_default_credentials.json
[debug] [2025-02-19T14:28:31.827Z] Setting GAC to C:\Users\selam\AppData\Roaming\firebase\solhadush_27_gmail.com_application_default_credentials.json {"metadata":{"emulator":{"name":"functions"},"message":"Setting GAC to C:\\Users\\selam\\AppData\\Roaming\\firebase\\solhadush_27_gmail.com_application_default_credentials.json"}}
[debug] [2025-02-19T14:28:31.828Z] Checked if tokens are valid: true, expires at: 1739976764573
[debug] [2025-02-19T14:28:31.829Z] Checked if tokens are valid: true, expires at: 1739976764573
[debug] [2025-02-19T14:28:31.830Z] >>> [apiv2][query] GET https://firebase.googleapis.com/v1beta1/projects/clone-32c9b/adminSdkConfig [none]
[debug] [2025-02-19T14:28:32.446Z] <<< [apiv2][status] GET https://firebase.googleapis.com/v1beta1/projects/clone-32c9b/adminSdkConfig 200
[debug] [2025-02-19T14:28:32.447Z] <<< [apiv2][body] GET https://firebase.googleapis.com/v1beta1/projects/clone-32c9b/adminSdkConfig {"projectId":"clone-32c9b","storageBucket":"clone-32c9b.firebasestorage.app"}
[info] i  functions: Watching "C:\Users\selam\Desktop\evangadi class\phase 4 projects\Amazonclone_proj\amazonclone_proj\frontend\functions" for Cloud Functions... {"metadata":{"emulator":{"name":"functions"},"message":"Watching \"C:\\Users\\selam\\Desktop\\evangadi class\\phase 4 projects\\Amazonclone_proj\\amazonclone_proj\\frontend\\functions\" for Cloud Functions..."}}
[debug] [2025-02-19T14:28:32.848Z] Validating nodejs source
[debug] [2025-02-19T14:28:42.947Z] checkFunctionsSDKVersion was unable to fetch information from NPM Error: spawnSync C:\WINDOWS\system32\cmd.exe ETIMEDOUT
    at Object.spawnSync (node:internal/child_process:1124:20)
    at Object.spawnSync (node:child_process:876:24)
    at Function.spawnSync [as sync] (C:\Users\selam\AppData\Roaming\npm\node_modules\firebase-tools\node_modules\cross-spawn\index.js:26:23)
    at Object.getLatestSDKVersion (C:\Users\selam\AppData\Roaming\npm\node_modules\firebase-tools\lib\deploy\functions\runtimes\node\versioning.js:54:25)
    at Object.checkFunctionsSDKVersion (C:\Users\selam\AppData\Roaming\npm\node_modules\firebase-tools\lib\deploy\functions\runtimes\node\versioning.js:74:32)
    at Delegate.validate (C:\Users\selam\AppData\Roaming\npm\node_modules\firebase-tools\lib\deploy\functions\runtimes\node\index.js:86:20)
    at FunctionsEmulator.discoverTriggers (C:\Users\selam\AppData\Roaming\npm\node_modules\firebase-tools\lib\emulator\functionsEmulator.js:331:35)
    at async FunctionsEmulator.loadTriggers (C:\Users\selam\AppData\Roaming\npm\node_modules\firebase-tools\lib\emulator\functionsEmulator.js:371:34)
    at async FunctionsEmulator.connect (C:\Users\selam\AppData\Roaming\npm\node_modules\firebase-tools\lib\emulator\functionsEmulator.js:297:13)
    at async Object.startAll (C:\Users\selam\AppData\Roaming\npm\node_modules\firebase-tools\lib\emulator\controller.js:671:13)
[debug] [2025-02-19T14:28:42.949Z] > [functions] package.json contents: {
  "name": "functions",
  "description": "Cloud Functions for Firebase",
  "scripts": {
    "lint": "eslint .",
    "serve": "firebase emulators:start --only functions",
    "shell": "firebase functions:shell",
    "start": "npm run shell",
    "deploy": "firebase deploy --only functions",
    "logs": "firebase functions:log"
  },
  "engines": {
    "node": "22"
  },
  "main": "index.js",
  "dependencies": {
    "cors": "^2.8.5",
    "dotenv": "^16.4.7",
    "express": "^4.21.2",
    "firebase-admin": "^12.6.0",
    "firebase-functions": "^6.0.1",
    "stripe": "^17.6.0"
  },
  "devDependencies": {
    "eslint": "^8.15.0",
    "eslint-config-google": "^0.14.0",
    "firebase-functions-test": "^3.1.0"
  },
  "private": true
}
[debug] [2025-02-19T14:28:42.949Z] Building nodejs source
[debug] [2025-02-19T14:28:42.950Z] Failed to find version of module node: reached end of search path C:\Users\selam\Desktop\evangadi class\phase 4 projects\Amazonclone_proj\amazonclone_proj\frontend\functions\node_modules
[warn] !  functions: Your requested "node" version "22" doesn't match your global version "20". Using node@20 from host. 
[info] i  functions: Loaded environment variables from .env. 
[debug] [2025-02-19T14:28:42.963Z] Could not find functions.yaml. Must use http discovery
[debug] [2025-02-19T14:28:43.006Z] Found firebase-functions binary at 'C:\Users\selam\Desktop\evangadi class\phase 4 projects\Amazonclone_proj\amazonclone_proj\frontend\functions\node_modules\.bin\firebase-functions'
